15:50:28:184  INFO 68696 --- [main] com.hmall.trade.TradeApplication         : Starting TradeApplication using Java 11.0.29 on Kaiwens-MacBookPro.local with PID 68696 (/Users/ykw/Documents/IdeaProj/hmall/trade-service/target/classes started by ykw in /Users/ykw/Documents/IdeaProj/hmall)
15:50:28:185 DEBUG 68696 --- [main] com.hmall.trade.TradeApplication         : Running with Spring Boot v2.7.12, Spring v5.3.27
15:50:28:185  INFO 68696 --- [main] com.hmall.trade.TradeApplication         : The following 1 profile is active: "local"
15:50:28:656  INFO 68696 --- [main] o.s.cloud.context.scope.GenericScope     : BeanFactory id=1f387278-b3c5-302c-b481-dbbde237502f
15:50:28:801  INFO 68696 --- [main] o.s.b.w.embedded.tomcat.TomcatWebServer  : Tomcat initialized with port(s): 8085 (http)
15:50:28:805  INFO 68696 --- [main] o.apache.catalina.core.StandardService   : Starting service [Tomcat]
15:50:28:805  INFO 68696 --- [main] org.apache.catalina.core.StandardEngine  : Starting Servlet engine: [Apache Tomcat/9.0.75]
15:50:28:858  INFO 68696 --- [main] o.a.c.c.C.[Tomcat].[localhost].[/]       : Initializing Spring embedded WebApplicationContext
15:50:28:859  INFO 68696 --- [main] w.s.c.ServletWebServerApplicationContext : Root WebApplicationContext: initialization completed in 650 ms
15:50:28:940  INFO 68696 --- [main] o.s.c.openfeign.FeignClientFactoryBean   : For 'item-service' URL not provided. Will try picking an instance via load-balancing.
15:50:29:091  INFO 68696 --- [main] o.s.c.openfeign.FeignClientFactoryBean   : For 'cart-service' URL not provided. Will try picking an instance via load-balancing.
15:50:29:341  INFO 68696 --- [main] pertySourcedRequestMappingHandlerMapping : Mapped URL path [/v2/api-docs] onto method [springfox.documentation.swagger2.web.Swagger2ControllerWebMvc#getDocumentation(String, HttpServletRequest)]
15:50:29:468  INFO 68696 --- [main] com.alibaba.nacos.common.remote.client   : [RpcClientFactory] create a new rpc client of 0b702fcd-bf3d-4810-af7d-6af63002d59b
15:50:29:486  INFO 68696 --- [main] org.reflections.Reflections              : Reflections took 10 ms to scan 1 urls, producing 3 keys and 6 values 
15:50:29:496  INFO 68696 --- [main] org.reflections.Reflections              : Reflections took 5 ms to scan 1 urls, producing 4 keys and 9 values 
15:50:29:501  INFO 68696 --- [main] org.reflections.Reflections              : Reflections took 4 ms to scan 1 urls, producing 3 keys and 10 values 
15:50:29:502  WARN 68696 --- [main] org.reflections.Reflections              : given scan urls are empty. set urls in the configuration
15:50:29:506  INFO 68696 --- [main] org.reflections.Reflections              : Reflections took 4 ms to scan 1 urls, producing 1 keys and 5 values 
15:50:29:511  INFO 68696 --- [main] org.reflections.Reflections              : Reflections took 4 ms to scan 1 urls, producing 1 keys and 7 values 
15:50:29:516  INFO 68696 --- [main] org.reflections.Reflections              : Reflections took 4 ms to scan 1 urls, producing 2 keys and 8 values 
15:50:29:517  WARN 68696 --- [main] org.reflections.Reflections              : given scan urls are empty. set urls in the configuration
15:50:29:517  INFO 68696 --- [main] com.alibaba.nacos.common.remote.client   : [0b702fcd-bf3d-4810-af7d-6af63002d59b] RpcClient init label, labels = {module=naming, source=sdk}
15:50:29:518  INFO 68696 --- [main] com.alibaba.nacos.common.remote.client   : [0b702fcd-bf3d-4810-af7d-6af63002d59b] RpcClient init, ServerListFactory = com.alibaba.nacos.client.naming.core.ServerListManager
15:50:29:518  INFO 68696 --- [main] com.alibaba.nacos.common.remote.client   : [0b702fcd-bf3d-4810-af7d-6af63002d59b] Registry connection listener to current client:com.alibaba.nacos.client.naming.remote.gprc.redo.NamingGrpcRedoService
15:50:29:518  INFO 68696 --- [main] com.alibaba.nacos.common.remote.client   : [0b702fcd-bf3d-4810-af7d-6af63002d59b] Register server push request handler:com.alibaba.nacos.client.naming.remote.gprc.NamingPushRequestHandler
15:50:29:519  INFO 68696 --- [main] com.alibaba.nacos.common.remote.client   : [0b702fcd-bf3d-4810-af7d-6af63002d59b] Try to connect to server on start up, server: {serverIp = '10.8.0.7', server main port = 8848}
15:50:29:940  INFO 68696 --- [main] com.alibaba.nacos.common.remote.client   : [0b702fcd-bf3d-4810-af7d-6af63002d59b] Success to connect to server [10.8.0.7:8848] on start up, connectionId = 1765036229785_10.8.0.3_60338
15:50:29:940  INFO 68696 --- [com.alibaba.nacos.client.remote.worker] com.alibaba.nacos.common.remote.client   : [0b702fcd-bf3d-4810-af7d-6af63002d59b] Notify connected event to listeners.
15:50:29:941  INFO 68696 --- [main] com.alibaba.nacos.common.remote.client   : [0b702fcd-bf3d-4810-af7d-6af63002d59b] Register server push request handler:com.alibaba.nacos.common.remote.client.RpcClient$ConnectResetRequestHandler
15:50:29:942  INFO 68696 --- [main] com.alibaba.nacos.common.remote.client   : [0b702fcd-bf3d-4810-af7d-6af63002d59b] Register server push request handler:com.alibaba.nacos.common.remote.client.RpcClient$$Lambda$968/0x00000006006e4440
15:50:30:048  INFO 68696 --- [main] o.s.b.w.embedded.tomcat.TomcatWebServer  : Tomcat started on port(s): 8085 (http) with context path ''
15:50:30:113  INFO 68696 --- [main] c.a.c.n.registry.NacosServiceRegistry    : nacos registry, DEFAULT_GROUP trade-service 10.8.0.3:8085 register finished
15:50:30:118  INFO 68696 --- [main] d.s.w.p.DocumentationPluginsBootstrapper : Documentation plugins bootstrapped
15:50:30:120  INFO 68696 --- [main] d.s.w.p.DocumentationPluginsBootstrapper : Found 1 custom documentation plugin(s)
15:50:30:130  INFO 68696 --- [main] s.d.s.w.s.ApiListingReferenceScanner     : Scanning for api listing references
15:50:30:173  INFO 68696 --- [main] com.hmall.trade.TradeApplication         : Started TradeApplication in 2.326 seconds (JVM running for 3.064)
15:50:30:542  INFO 68696 --- [nacos-grpc-client-executor-12] com.alibaba.nacos.common.remote.client   : [0b702fcd-bf3d-4810-af7d-6af63002d59b] Receive server push request, request = NotifySubscriberRequest, requestId = 38
15:50:30:544  INFO 68696 --- [nacos-grpc-client-executor-12] com.alibaba.nacos.common.remote.client   : [0b702fcd-bf3d-4810-af7d-6af63002d59b] Ack server push request, request = NotifySubscriberRequest, requestId = 38
15:50:32:281  INFO 68696 --- [http-nio-8085-exec-1] o.a.c.c.C.[Tomcat].[localhost].[/]       : Initializing Spring DispatcherServlet 'dispatcherServlet'
15:50:32:281  INFO 68696 --- [http-nio-8085-exec-1] o.s.web.servlet.DispatcherServlet        : Initializing Servlet 'dispatcherServlet'
15:50:32:292  INFO 68696 --- [http-nio-8085-exec-1] o.s.web.servlet.DispatcherServlet        : Completed initialization in 11 ms
15:50:52:184  INFO 68696 --- [http-nio-8085-exec-3] com.zaxxer.hikari.HikariDataSource       : HikariPool-1 - Starting...
15:50:52:878  INFO 68696 --- [http-nio-8085-exec-3] com.zaxxer.hikari.HikariDataSource       : HikariPool-1 - Start completed.
15:50:52:894 DEBUG 68696 --- [http-nio-8085-exec-3] c.h.trade.mapper.OrderMapper.selectById  : ==>  Preparing: SELECT id,total_fee,payment_type,user_id,status,create_time,pay_time,consign_time,end_time,close_time,comment_time,update_time FROM `order` WHERE id=?
15:50:52:916 DEBUG 68696 --- [http-nio-8085-exec-3] c.h.trade.mapper.OrderMapper.selectById  : ==> Parameters: 1654779387523936258(Long)
15:50:52:968 DEBUG 68696 --- [http-nio-8085-exec-3] c.h.trade.mapper.OrderMapper.selectById  : <==      Total: 1
15:51:31:131  WARN 68696 --- [Thread-7] c.a.n.common.http.HttpClientBeanHolder   : [HttpClientBeanHolder] Start destroying common HttpClient
15:51:31:131  WARN 68696 --- [Thread-4] c.a.nacos.common.notify.NotifyCenter     : [NotifyCenter] Start destroying Publisher
15:51:31:133  WARN 68696 --- [Thread-4] c.a.nacos.common.notify.NotifyCenter     : [NotifyCenter] Destruction of the end
15:51:31:135  WARN 68696 --- [Thread-7] c.a.n.common.http.HttpClientBeanHolder   : [HttpClientBeanHolder] Destruction of the end
15:51:31:221  INFO 68696 --- [SpringApplicationShutdownHook] c.a.c.n.registry.NacosServiceRegistry    : De-registering from Nacos Server now...
15:51:31:262  INFO 68696 --- [SpringApplicationShutdownHook] c.a.c.n.registry.NacosServiceRegistry    : De-registration finished.
15:51:31:575  INFO 68696 --- [SpringApplicationShutdownHook] com.alibaba.nacos.common.remote.client   : Shutdown rpc client, set status to shutdown
15:51:31:575  INFO 68696 --- [SpringApplicationShutdownHook] com.alibaba.nacos.common.remote.client   : Shutdown client event executor java.util.concurrent.ScheduledThreadPoolExecutor@2308b24b[Running, pool size = 2, active threads = 2, queued tasks = 0, completed tasks = 0]
15:51:31:575  INFO 68696 --- [SpringApplicationShutdownHook] com.alibaba.nacos.common.remote.client   : Close current connection 1765036229785_10.8.0.3_60338
15:51:31:582  INFO 68696 --- [SpringApplicationShutdownHook] c.a.n.c.remote.client.grpc.GrpcClient    : Shutdown grpc executor java.util.concurrent.ThreadPoolExecutor@161dc824[Running, pool size = 8, active threads = 0, queued tasks = 0, completed tasks = 40]
15:51:31:588  INFO 68696 --- [SpringApplicationShutdownHook] com.zaxxer.hikari.HikariDataSource       : HikariPool-1 - Shutdown initiated...
15:51:32:061  INFO 68696 --- [SpringApplicationShutdownHook] com.zaxxer.hikari.HikariDataSource       : HikariPool-1 - Shutdown completed.
